 2022-09-27 11:12:07,104 - INFO - Download data from URL
 2022-09-27 11:12:07,153 - DEBUG - Starting new HTTP connection (1): hp-api.herokuapp.com:80
 2022-09-27 11:12:07,574 - DEBUG - http://hp-api.herokuapp.com:80 "GET /api/characters/house/gryffindor HTTP/1.1" 200 18867
 2022-09-27 11:12:07,703 - INFO - Status code: 200
 2022-09-27 11:12:07,703 - INFO - Saving in JSON file.
 2022-09-27 11:12:07,705 - INFO - Download done.
 2022-09-27 11:12:07,705 - INFO - Creating excel...
 2022-09-27 11:12:07,707 - INFO - Sheet name is: harry_potter_characters
 2022-09-27 11:12:07,710 - INFO - Insert data correctly
 2022-09-27 11:12:07,720 - INFO - Woorkbook saved!
 2022-09-27 11:12:07,720 - INFO - Excel create succesfully!
 2022-09-27 11:12:28,069 - INFO - Trying to connect...
 2022-09-27 11:12:28,085 - INFO - MySQL connection is close!
 2022-09-27 11:21:40,005 - INFO - Download data from URL
 2022-09-27 11:21:40,064 - DEBUG - Starting new HTTP connection (1): hp-api.herokuapp.com:80
 2022-09-27 11:21:40,254 - DEBUG - http://hp-api.herokuapp.com:80 "GET /api/characters/house/gryffindor HTTP/1.1" 200 18867
 2022-09-27 11:21:40,344 - INFO - Status code: 200
 2022-09-27 11:21:40,345 - INFO - Saving in JSON file.
 2022-09-27 11:21:40,348 - INFO - Download done.
 2022-09-27 11:21:40,349 - INFO - Creating excel...
 2022-09-27 11:21:40,350 - INFO - Sheet name is: harry_potter_characters
 2022-09-27 11:21:40,353 - INFO - Insert data correctly
 2022-09-27 11:21:40,366 - INFO - Woorkbook saved!
 2022-09-27 11:21:40,366 - INFO - Excel create succesfully!
 2022-09-27 11:22:05,647 - INFO - Trying to connect...
 2022-09-27 11:22:05,671 - INFO - MySQL connection is close!
 2022-09-27 11:24:45,664 - INFO - Download data from URL
 2022-09-27 11:24:45,723 - DEBUG - Starting new HTTP connection (1): hp-api.herokuapp.com:80
 2022-09-27 11:24:45,915 - DEBUG - http://hp-api.herokuapp.com:80 "GET /api/characters/house/gryffindor HTTP/1.1" 200 18867
 2022-09-27 11:24:46,007 - INFO - Status code: 200
 2022-09-27 11:24:46,008 - INFO - Saving in JSON file.
 2022-09-27 11:24:46,011 - INFO - Download done.
 2022-09-27 11:24:46,011 - INFO - Creating excel...
 2022-09-27 11:24:46,012 - INFO - Sheet name is: harry_potter_characters
 2022-09-27 11:24:46,016 - INFO - Insert data correctly
 2022-09-27 11:24:46,028 - INFO - Woorkbook saved!
 2022-09-27 11:24:46,028 - INFO - Excel create succesfully!
 2022-09-27 11:25:01,365 - INFO - Trying to connect...
 2022-09-27 11:25:01,382 - INFO - MySQL connection is close!
 2022-09-27 11:26:04,881 - INFO - Download data from URL
 2022-09-27 11:26:04,925 - DEBUG - Starting new HTTP connection (1): hp-api.herokuapp.com:80
 2022-09-27 11:26:05,163 - DEBUG - http://hp-api.herokuapp.com:80 "GET /api/characters/house/gryffindor HTTP/1.1" 200 18867
 2022-09-27 11:26:05,261 - INFO - Status code: 200
 2022-09-27 11:26:05,262 - INFO - Saving in JSON file.
 2022-09-27 11:26:05,265 - INFO - Download done.
 2022-09-27 11:26:05,265 - INFO - Creating excel...
 2022-09-27 11:26:05,267 - INFO - Sheet name is: harry_potter_characters
 2022-09-27 11:26:05,271 - INFO - Insert data correctly
 2022-09-27 11:26:05,283 - INFO - Woorkbook saved!
 2022-09-27 11:26:05,283 - INFO - Excel create succesfully!
 2022-09-27 11:26:17,716 - INFO - Trying to connect...
 2022-09-27 11:26:17,732 - INFO - MySQL connection is close!
 2022-09-27 11:32:42,733 - INFO - Download data from URL
 2022-09-27 11:32:42,789 - DEBUG - Starting new HTTP connection (1): hp-api.herokuapp.com:80
 2022-09-27 11:32:43,006 - DEBUG - http://hp-api.herokuapp.com:80 "GET /api/characters/house/gryffindor HTTP/1.1" 200 18867
 2022-09-27 11:32:43,113 - INFO - Status code: 200
 2022-09-27 11:32:43,114 - INFO - Saving in JSON file.
 2022-09-27 11:32:43,117 - INFO - Download done.
 2022-09-27 11:32:43,117 - INFO - Creating excel...
 2022-09-27 11:32:43,119 - INFO - Sheet name is: harry_potter_characters
 2022-09-27 11:32:43,123 - INFO - Insert data correctly
 2022-09-27 11:32:43,138 - INFO - Woorkbook saved!
 2022-09-27 11:32:43,138 - INFO - Excel create succesfully!
 2022-09-27 11:32:54,938 - INFO - Trying to connect...
 2022-09-27 11:32:54,959 - ERROR - Error with the database 1064 (42000): You have an error in your SQL syntax; check the manual that corresponds to your MySQL server version for the right syntax to use near 'DATABASES()' at line 1
 2022-09-27 11:32:54,960 - INFO - MySQL connection is close!
 2022-09-27 11:34:02,265 - INFO - Download data from URL
 2022-09-27 11:34:02,318 - DEBUG - Starting new HTTP connection (1): hp-api.herokuapp.com:80
 2022-09-27 11:34:02,668 - DEBUG - http://hp-api.herokuapp.com:80 "GET /api/characters/house/gryffindor HTTP/1.1" 200 18867
 2022-09-27 11:34:02,772 - INFO - Status code: 200
 2022-09-27 11:34:02,773 - INFO - Saving in JSON file.
 2022-09-27 11:34:02,776 - INFO - Download done.
 2022-09-27 11:34:02,776 - INFO - Creating excel...
 2022-09-27 11:34:02,778 - INFO - Sheet name is: harry_potter_characters
 2022-09-27 11:34:02,782 - INFO - Insert data correctly
 2022-09-27 11:34:02,794 - INFO - Woorkbook saved!
 2022-09-27 11:34:02,794 - INFO - Excel create succesfully!
 2022-09-27 11:34:15,389 - INFO - Trying to connect...
 2022-09-27 11:34:15,411 - ERROR - Error with the database Unread result found
 2022-09-27 11:35:25,182 - INFO - Download data from URL
 2022-09-27 11:35:25,249 - DEBUG - Starting new HTTP connection (1): hp-api.herokuapp.com:80
 2022-09-27 11:35:25,457 - DEBUG - http://hp-api.herokuapp.com:80 "GET /api/characters/house/gryffindor HTTP/1.1" 200 18867
 2022-09-27 11:35:25,581 - INFO - Status code: 200
 2022-09-27 11:35:25,582 - INFO - Saving in JSON file.
 2022-09-27 11:35:25,585 - INFO - Download done.
 2022-09-27 11:35:25,586 - INFO - Creating excel...
 2022-09-27 11:35:25,587 - INFO - Sheet name is: harry_potter_characters
 2022-09-27 11:35:25,591 - INFO - Insert data correctly
 2022-09-27 11:35:25,603 - INFO - Woorkbook saved!
 2022-09-27 11:35:25,603 - INFO - Excel create succesfully!
 2022-09-27 11:35:40,630 - INFO - Trying to connect...
 2022-09-27 11:35:40,647 - INFO - MySQL connection is close!
 2022-09-27 11:37:49,858 - INFO - Download data from URL
 2022-09-27 11:37:49,904 - DEBUG - Starting new HTTP connection (1): hp-api.herokuapp.com:80
 2022-09-27 11:37:50,108 - DEBUG - http://hp-api.herokuapp.com:80 "GET /api/characters/house/gryffindor HTTP/1.1" 200 18867
 2022-09-27 11:37:50,204 - INFO - Status code: 200
 2022-09-27 11:37:50,205 - INFO - Saving in JSON file.
 2022-09-27 11:37:50,208 - INFO - Download done.
 2022-09-27 11:37:50,208 - INFO - Creating excel...
 2022-09-27 11:37:50,210 - INFO - Sheet name is: harry_potter_characters
 2022-09-27 11:37:50,214 - INFO - Insert data correctly
 2022-09-27 11:37:50,225 - INFO - Woorkbook saved!
 2022-09-27 11:37:50,226 - INFO - Excel create succesfully!
 2022-09-27 11:38:08,983 - INFO - Trying to connect...
 2022-09-27 11:38:09,007 - INFO - MySQL connection is close!
 2022-09-27 11:38:31,119 - INFO - Download data from URL
 2022-09-27 11:38:31,176 - DEBUG - Starting new HTTP connection (1): hp-api.herokuapp.com:80
 2022-09-27 11:38:31,394 - DEBUG - http://hp-api.herokuapp.com:80 "GET /api/characters/house/gryffindor HTTP/1.1" 200 18867
 2022-09-27 11:38:31,577 - INFO - Status code: 200
 2022-09-27 11:38:31,578 - INFO - Saving in JSON file.
 2022-09-27 11:38:31,581 - INFO - Download done.
 2022-09-27 11:38:31,581 - INFO - Creating excel...
 2022-09-27 11:38:31,583 - INFO - Sheet name is: harry_potter_characters
 2022-09-27 11:38:31,587 - INFO - Insert data correctly
 2022-09-27 11:38:31,599 - INFO - Woorkbook saved!
 2022-09-27 11:38:31,599 - INFO - Excel create succesfully!
 2022-09-27 11:38:47,056 - INFO - Trying to connect...
 2022-09-27 11:38:47,073 - INFO - MySQL connection is close!
 2022-09-27 11:40:44,846 - INFO - Download data from URL
 2022-09-27 11:40:44,899 - DEBUG - Starting new HTTP connection (1): hp-api.herokuapp.com:80
 2022-09-27 11:40:45,101 - DEBUG - http://hp-api.herokuapp.com:80 "GET /api/characters/house/gryffindor HTTP/1.1" 200 18867
 2022-09-27 11:40:45,198 - INFO - Status code: 200
 2022-09-27 11:40:45,199 - INFO - Saving in JSON file.
 2022-09-27 11:40:45,201 - INFO - Download done.
 2022-09-27 11:40:45,201 - INFO - Creating excel...
 2022-09-27 11:40:45,203 - INFO - Sheet name is: harry_potter_characters
 2022-09-27 11:40:45,206 - INFO - Insert data correctly
 2022-09-27 11:40:45,219 - INFO - Woorkbook saved!
 2022-09-27 11:40:45,219 - INFO - Excel create succesfully!
 2022-09-27 11:40:54,800 - INFO - Trying to connect...
 2022-09-27 11:40:54,854 - ERROR - Error with the database 1136 (21S01): Column count doesn't match value count at row 1
 2022-09-27 11:40:54,854 - INFO - MySQL connection is close!
 2022-09-27 14:00:35,584 - INFO - Download data from URL
 2022-09-27 14:00:35,691 - DEBUG - Starting new HTTP connection (1): hp-api.herokuapp.com:80
 2022-09-27 14:00:35,905 - DEBUG - http://hp-api.herokuapp.com:80 "GET /api/characters/house/gryffindor HTTP/1.1" 200 18867
 2022-09-27 14:00:36,007 - INFO - Status code: 200
 2022-09-27 14:00:36,008 - INFO - Saving in JSON file.
 2022-09-27 14:00:36,011 - INFO - Download done.
 2022-09-27 14:00:36,011 - INFO - Creating excel...
 2022-09-27 14:00:36,012 - INFO - Sheet name is: harry_potter_characters
 2022-09-27 14:00:36,016 - INFO - Insert data correctly
 2022-09-27 14:00:36,029 - INFO - Woorkbook saved!
 2022-09-27 14:00:36,029 - INFO - Excel create succesfully!
 2022-09-27 14:00:55,426 - INFO - Trying to connect...
 2022-09-27 14:00:55,485 - INFO - MySQL connection is close!
 2022-09-27 14:01:42,581 - INFO - Download data from URL
 2022-09-27 14:01:42,635 - DEBUG - Starting new HTTP connection (1): hp-api.herokuapp.com:80
 2022-09-27 14:01:42,851 - DEBUG - http://hp-api.herokuapp.com:80 "GET /api/characters/house/gryffindor HTTP/1.1" 200 18867
 2022-09-27 14:01:42,954 - INFO - Status code: 200
 2022-09-27 14:01:42,955 - INFO - Saving in JSON file.
 2022-09-27 14:01:42,958 - INFO - Download done.
 2022-09-27 14:01:42,958 - INFO - Creating excel...
 2022-09-27 14:01:42,959 - INFO - Sheet name is: harry_potter_characters
 2022-09-27 14:01:42,963 - INFO - Insert data correctly
 2022-09-27 14:01:42,976 - INFO - Woorkbook saved!
 2022-09-27 14:01:42,976 - INFO - Excel create succesfully!
 2022-09-27 14:01:51,448 - INFO - Download data from URL
 2022-09-27 14:01:51,458 - DEBUG - Starting new HTTP connection (1): hp-api.herokuapp.com:80
 2022-09-27 14:01:51,676 - DEBUG - http://hp-api.herokuapp.com:80 "GET /api/characters/house/gryffindor HTTP/1.1" 200 18867
 2022-09-27 14:01:51,781 - INFO - Status code: 200
 2022-09-27 14:01:51,782 - INFO - Saving in JSON file.
 2022-09-27 14:01:51,785 - INFO - Download done.
 2022-09-27 14:01:51,785 - INFO - Creating excel...
 2022-09-27 14:01:51,787 - INFO - Sheet name is: harry_potter_characters
 2022-09-27 14:01:51,790 - INFO - Insert data correctly
 2022-09-27 14:01:51,803 - INFO - Woorkbook saved!
 2022-09-27 14:01:51,803 - INFO - Excel create succesfully!
 2022-09-27 14:02:05,111 - INFO - Trying to connect...
 2022-09-27 14:02:05,135 - ERROR - Error with the database 1064 (42000): You have an error in your SQL syntax; check the manual that corresponds to your MySQL server version for the right syntax to use near 'lastname varchar(20) NOT NULL)' at line 4
 2022-09-27 14:02:05,136 - INFO - MySQL connection is close!
 2022-09-27 14:03:09,885 - INFO - Download data from URL
 2022-09-27 14:03:09,938 - DEBUG - Starting new HTTP connection (1): hp-api.herokuapp.com:80
 2022-09-27 14:03:10,130 - DEBUG - http://hp-api.herokuapp.com:80 "GET /api/characters/house/gryffindor HTTP/1.1" 200 18867
 2022-09-27 14:03:10,224 - INFO - Status code: 200
 2022-09-27 14:03:10,225 - INFO - Saving in JSON file.
 2022-09-27 14:03:10,228 - INFO - Download done.
 2022-09-27 14:03:10,228 - INFO - Creating excel...
 2022-09-27 14:03:10,230 - INFO - Sheet name is: harry_potter_characters
 2022-09-27 14:03:10,233 - INFO - Insert data correctly
 2022-09-27 14:03:10,247 - INFO - Woorkbook saved!
 2022-09-27 14:03:10,247 - INFO - Excel create succesfully!
 2022-09-27 14:03:21,802 - INFO - Trying to connect...
 2022-09-27 14:03:21,820 - ERROR - Error with the database 1064 (42000): You have an error in your SQL syntax; check the manual that corresponds to your MySQL server version for the right syntax to use near 'lastname varchar(20) NOT NULL)' at line 4
 2022-09-27 14:03:21,820 - INFO - MySQL connection is close!
 2022-09-27 14:04:20,152 - INFO - Download data from URL
 2022-09-27 14:04:20,204 - DEBUG - Starting new HTTP connection (1): hp-api.herokuapp.com:80
 2022-09-27 14:04:20,562 - DEBUG - http://hp-api.herokuapp.com:80 "GET /api/characters/house/gryffindor HTTP/1.1" 200 18867
 2022-09-27 14:04:20,657 - INFO - Status code: 200
 2022-09-27 14:04:20,658 - INFO - Saving in JSON file.
 2022-09-27 14:04:20,661 - INFO - Download done.
 2022-09-27 14:04:20,661 - INFO - Creating excel...
 2022-09-27 14:04:20,662 - INFO - Sheet name is: harry_potter_characters
 2022-09-27 14:04:20,666 - INFO - Insert data correctly
 2022-09-27 14:04:20,677 - INFO - Woorkbook saved!
 2022-09-27 14:04:20,677 - INFO - Excel create succesfully!
 2022-09-27 14:04:38,505 - INFO - Trying to connect...
 2022-09-27 14:04:38,529 - ERROR - Error with the database 1064 (42000): You have an error in your SQL syntax; check the manual that corresponds to your MySQL server version for the right syntax to use near 'lastname varchar(20))' at line 4
 2022-09-27 14:04:38,529 - INFO - MySQL connection is close!
 2022-09-27 14:05:31,883 - INFO - Download data from URL
 2022-09-27 14:05:31,937 - DEBUG - Starting new HTTP connection (1): hp-api.herokuapp.com:80
 2022-09-27 14:05:32,142 - DEBUG - http://hp-api.herokuapp.com:80 "GET /api/characters/house/gryffindor HTTP/1.1" 200 18867
 2022-09-27 14:05:32,240 - INFO - Status code: 200
 2022-09-27 14:05:32,241 - INFO - Saving in JSON file.
 2022-09-27 14:05:32,244 - INFO - Download done.
 2022-09-27 14:05:32,244 - INFO - Creating excel...
 2022-09-27 14:05:32,246 - INFO - Sheet name is: harry_potter_characters
 2022-09-27 14:05:32,249 - INFO - Insert data correctly
 2022-09-27 14:05:32,260 - INFO - Woorkbook saved!
 2022-09-27 14:05:32,260 - INFO - Excel create succesfully!
 2022-09-27 14:05:45,814 - INFO - Trying to connect...
 2022-09-27 14:05:45,863 - ERROR - Error with the database 1146 (42S02): Table 'python_proof_one.harry_potter_characters' doesn't exist
 2022-09-27 14:05:45,863 - INFO - MySQL connection is close!
 2022-09-27 14:06:41,103 - INFO - Download data from URL
 2022-09-27 14:06:41,148 - DEBUG - Starting new HTTP connection (1): hp-api.herokuapp.com:80
 2022-09-27 14:06:41,353 - DEBUG - http://hp-api.herokuapp.com:80 "GET /api/characters/house/gryffindor HTTP/1.1" 200 18867
 2022-09-27 14:06:41,450 - INFO - Status code: 200
 2022-09-27 14:06:41,451 - INFO - Saving in JSON file.
 2022-09-27 14:06:41,454 - INFO - Download done.
 2022-09-27 14:06:41,454 - INFO - Creating excel...
 2022-09-27 14:06:41,455 - INFO - Sheet name is: harry_potter_characters
 2022-09-27 14:06:41,459 - INFO - Insert data correctly
 2022-09-27 14:06:41,472 - INFO - Woorkbook saved!
 2022-09-27 14:06:41,472 - INFO - Excel create succesfully!
 2022-09-27 14:06:48,417 - INFO - Download data from URL
 2022-09-27 14:06:48,426 - DEBUG - Starting new HTTP connection (1): hp-api.herokuapp.com:80
 2022-09-27 14:06:48,633 - DEBUG - http://hp-api.herokuapp.com:80 "GET /api/characters/house/gryffindor HTTP/1.1" 200 18867
 2022-09-27 14:06:48,733 - INFO - Status code: 200
 2022-09-27 14:06:48,734 - INFO - Saving in JSON file.
 2022-09-27 14:06:48,737 - INFO - Download done.
 2022-09-27 14:06:48,737 - INFO - Creating excel...
 2022-09-27 14:06:48,738 - INFO - Sheet name is: harry_potter_characters
 2022-09-27 14:06:48,742 - INFO - Insert data correctly
 2022-09-27 14:06:48,754 - INFO - Woorkbook saved!
 2022-09-27 14:06:48,754 - INFO - Excel create succesfully!
 2022-09-27 14:07:02,299 - INFO - Trying to connect...
 2022-09-27 14:07:02,317 - INFO - MySQL connection is close!
 2022-09-27 14:08:35,304 - INFO - Download data from URL
 2022-09-27 14:08:35,358 - DEBUG - Starting new HTTP connection (1): hp-api.herokuapp.com:80
 2022-09-27 14:08:35,583 - DEBUG - http://hp-api.herokuapp.com:80 "GET /api/characters/house/gryffindor HTTP/1.1" 200 18867
 2022-09-27 14:08:35,676 - INFO - Status code: 200
 2022-09-27 14:08:35,677 - INFO - Saving in JSON file.
 2022-09-27 14:08:35,680 - INFO - Download done.
 2022-09-27 14:08:35,680 - INFO - Creating excel...
 2022-09-27 14:08:35,681 - INFO - Sheet name is: harry_potter_characters
 2022-09-27 14:08:35,685 - INFO - Insert data correctly
 2022-09-27 14:08:35,698 - INFO - Woorkbook saved!
 2022-09-27 14:08:35,698 - INFO - Excel create succesfully!
 2022-09-27 14:08:49,623 - INFO - Trying to connect...
 2022-09-27 14:08:49,646 - ERROR - Error with the database 1050 (42S01): Table 'customers' already exists
 2022-09-27 14:08:49,646 - INFO - MySQL connection is close!
 2022-09-27 16:46:00,304 - INFO - Download data from URL
 2022-09-27 16:46:01,346 - DEBUG - Starting new HTTP connection (1): hp-api.herokuapp.com:80
 2022-09-27 16:46:01,553 - DEBUG - http://hp-api.herokuapp.com:80 "GET /api/characters/house/gryffindor HTTP/1.1" 200 18867
 2022-09-27 16:46:01,649 - INFO - Status code: 200
 2022-09-27 16:46:01,650 - INFO - Saving in JSON file.
 2022-09-27 16:46:01,653 - INFO - Download done.
 2022-09-27 16:46:01,653 - INFO - Creating excel...
 2022-09-27 16:46:01,655 - INFO - Sheet name is: harry_potter_characters
 2022-09-27 16:46:01,658 - INFO - Insert data correctly
 2022-09-27 16:46:01,672 - INFO - Woorkbook saved!
 2022-09-27 16:46:01,672 - INFO - Excel create succesfully!
 2022-09-27 16:46:20,366 - INFO - Trying to connect...
 2022-09-27 16:46:20,415 - ERROR - Error with the database 1064 (42000): You have an error in your SQL syntax; check the manual that corresponds to your MySQL server version for the right syntax to use near '(name varchar(200), lastname varchar(200))' at line 1
 2022-09-27 16:46:20,416 - INFO - MySQL connection is close!
 2022-09-27 16:48:22,927 - INFO - Download data from URL
 2022-09-27 16:48:22,983 - DEBUG - Starting new HTTP connection (1): hp-api.herokuapp.com:80
 2022-09-27 16:48:23,201 - DEBUG - http://hp-api.herokuapp.com:80 "GET /api/characters/house/gryffindor HTTP/1.1" 200 18867
 2022-09-27 16:48:23,304 - INFO - Status code: 200
 2022-09-27 16:48:23,305 - INFO - Saving in JSON file.
 2022-09-27 16:48:23,308 - INFO - Download done.
 2022-09-27 16:48:23,308 - INFO - Creating excel...
 2022-09-27 16:48:23,310 - INFO - Sheet name is: harry_potter_characters
 2022-09-27 16:48:23,313 - INFO - Insert data correctly
 2022-09-27 16:48:23,326 - INFO - Woorkbook saved!
 2022-09-27 16:48:23,326 - INFO - Excel create succesfully!
 2022-09-27 16:48:37,445 - INFO - Trying to connect...
 2022-09-27 16:48:37,461 - ERROR - Error with the database 1064 (42000): You have an error in your SQL syntax; check the manual that corresponds to your MySQL server version for the right syntax to use near '(name varchar(200), lastname varchar(200))' at line 1
 2022-09-27 16:48:37,461 - INFO - MySQL connection is close!
 2022-09-27 16:49:31,343 - INFO - Download data from URL
 2022-09-27 16:49:31,435 - DEBUG - Starting new HTTP connection (1): hp-api.herokuapp.com:80
 2022-09-27 16:49:31,640 - DEBUG - http://hp-api.herokuapp.com:80 "GET /api/characters/house/gryffindor HTTP/1.1" 200 18867
 2022-09-27 16:49:31,737 - INFO - Status code: 200
 2022-09-27 16:49:31,739 - INFO - Saving in JSON file.
 2022-09-27 16:49:31,741 - INFO - Download done.
 2022-09-27 16:49:31,742 - INFO - Creating excel...
 2022-09-27 16:49:31,743 - INFO - Sheet name is: harry_potter_characters
 2022-09-27 16:49:31,747 - INFO - Insert data correctly
 2022-09-27 16:49:31,759 - INFO - Woorkbook saved!
 2022-09-27 16:49:31,759 - INFO - Excel create succesfully!
 2022-09-27 16:49:45,091 - INFO - Trying to connect...
 2022-09-27 16:49:45,125 - INFO - MySQL connection is close!
 2022-09-27 17:07:16,426 - INFO - Download data from URL
 2022-09-27 17:07:16,476 - DEBUG - Starting new HTTP connection (1): hp-api.herokuapp.com:80
 2022-09-27 17:07:16,681 - DEBUG - http://hp-api.herokuapp.com:80 "GET /api/characters/house/gryffindor HTTP/1.1" 200 18867
 2022-09-27 17:07:16,778 - INFO - Status code: 200
 2022-09-27 17:07:16,780 - INFO - Saving in JSON file.
 2022-09-27 17:07:16,782 - INFO - Download done.
 2022-09-27 17:07:16,783 - INFO - Creating excel...
 2022-09-27 17:07:16,784 - INFO - Sheet name is: harry_potter_characters
 2022-09-27 17:07:16,788 - INFO - Insert data correctly
 2022-09-27 17:07:16,800 - INFO - Woorkbook saved!
 2022-09-27 17:07:16,800 - INFO - Excel create succesfully!
 2022-09-27 17:07:29,598 - INFO - Trying to connect...
 2022-09-27 17:07:29,612 - INFO - Inserting the data...
 2022-09-27 17:07:29,626 - INFO - MySQL connection is close!
 2022-09-27 17:31:07,395 - INFO - Download data from URL
 2022-09-27 17:31:07,452 - DEBUG - Starting new HTTP connection (1): hp-api.herokuapp.com:80
 2022-09-27 17:31:07,653 - DEBUG - http://hp-api.herokuapp.com:80 "GET /api/characters/house/gryffindor HTTP/1.1" 200 18867
 2022-09-27 17:31:07,754 - INFO - Status code: 200
 2022-09-27 17:31:07,756 - INFO - Saving in JSON file.
 2022-09-27 17:31:07,759 - INFO - Download done.
 2022-09-27 17:31:07,759 - INFO - Creating excel...
 2022-09-27 17:31:07,760 - INFO - Sheet name is: harry_potter_characters
 2022-09-27 17:31:07,764 - INFO - Insert data correctly
 2022-09-27 17:31:07,778 - INFO - Woorkbook saved!
 2022-09-27 17:31:07,778 - INFO - Excel create succesfully!
 2022-09-27 17:31:19,084 - INFO - Trying to connect...
 2022-09-27 17:31:19,128 - INFO - MySQL connection is close!
 2022-09-27 17:31:30,458 - INFO - Download data from URL
 2022-09-27 17:31:30,557 - DEBUG - Starting new HTTP connection (1): hp-api.herokuapp.com:80
 2022-09-27 17:31:30,759 - DEBUG - http://hp-api.herokuapp.com:80 "GET /api/characters/house/gryffindor HTTP/1.1" 200 18867
 2022-09-27 17:31:30,861 - INFO - Status code: 200
 2022-09-27 17:31:30,862 - INFO - Saving in JSON file.
 2022-09-27 17:31:30,865 - INFO - Download done.
 2022-09-27 17:31:30,865 - INFO - Creating excel...
 2022-09-27 17:31:30,866 - INFO - Sheet name is: harry_potter_characters
 2022-09-27 17:31:30,870 - INFO - Insert data correctly
 2022-09-27 17:31:30,882 - INFO - Woorkbook saved!
 2022-09-27 17:31:30,882 - INFO - Excel create succesfully!
 2022-09-27 17:31:43,195 - INFO - Trying to connect...
 2022-09-27 17:31:43,229 - INFO - MySQL connection is close!
 2022-09-27 17:33:52,342 - INFO - Download data from URL
 2022-09-27 17:33:52,395 - DEBUG - Starting new HTTP connection (1): hp-api.herokuapp.com:80
 2022-09-27 17:33:52,613 - DEBUG - http://hp-api.herokuapp.com:80 "GET /api/characters/house/gryffindor HTTP/1.1" 200 18867
 2022-09-27 17:33:52,724 - INFO - Status code: 200
 2022-09-27 17:33:52,725 - INFO - Saving in JSON file.
 2022-09-27 17:33:52,728 - INFO - Download done.
 2022-09-27 17:33:52,728 - INFO - Creating excel...
 2022-09-27 17:33:52,730 - INFO - Sheet name is: harry_potter_characters
 2022-09-27 17:33:52,734 - INFO - Insert data correctly
 2022-09-27 17:33:52,746 - INFO - Woorkbook saved!
 2022-09-27 17:33:52,746 - INFO - Excel create succesfully!
 2022-09-27 17:34:09,059 - INFO - Trying to connect...
 2022-09-27 17:34:09,084 - INFO - MySQL connection is close!
 2022-09-27 17:35:06,181 - INFO - Download data from URL
 2022-09-27 17:35:06,238 - DEBUG - Starting new HTTP connection (1): hp-api.herokuapp.com:80
 2022-09-27 17:35:06,456 - DEBUG - http://hp-api.herokuapp.com:80 "GET /api/characters/house/gryffindor HTTP/1.1" 200 18867
 2022-09-27 17:35:06,564 - INFO - Status code: 200
 2022-09-27 17:35:06,565 - INFO - Saving in JSON file.
 2022-09-27 17:35:06,567 - INFO - Download done.
 2022-09-27 17:35:06,568 - INFO - Creating excel...
 2022-09-27 17:35:06,569 - INFO - Sheet name is: harry_potter_characters
 2022-09-27 17:35:06,573 - INFO - Insert data correctly
 2022-09-27 17:35:06,585 - INFO - Woorkbook saved!
 2022-09-27 17:35:06,585 - INFO - Excel create succesfully!
 2022-09-27 17:35:19,632 - INFO - Trying to connect...
 2022-09-27 17:35:19,662 - INFO - MySQL connection is close!
 2022-09-27 20:27:31,833 - INFO - Download data from URL
 2022-09-27 20:27:31,888 - DEBUG - Starting new HTTP connection (1): hp-api.herokuapp.com:80
 2022-09-27 20:27:32,102 - DEBUG - http://hp-api.herokuapp.com:80 "GET /api/characters/house/gryffindor HTTP/1.1" 200 18867
 2022-09-27 20:27:32,201 - INFO - Status code: 200
 2022-09-27 20:27:32,202 - INFO - Saving in JSON file.
 2022-09-27 20:27:32,205 - INFO - Download done.
 2022-09-27 20:27:32,205 - INFO - Creating excel...
 2022-09-27 20:27:32,207 - INFO - Sheet name is: harry_potter_characters
 2022-09-27 20:27:32,210 - INFO - Insert data correctly
 2022-09-27 20:27:32,224 - INFO - Woorkbook saved!
 2022-09-27 20:27:32,224 - INFO - Excel create succesfully!
 2022-09-27 20:27:52,537 - INFO - Trying to connect...
 2022-09-27 20:27:52,625 - INFO - MySQL connection is close!
 2022-09-27 20:31:00,940 - INFO - Download data from URL
 2022-09-27 20:31:00,992 - DEBUG - Starting new HTTP connection (1): hp-api.herokuapp.com:80
 2022-09-27 20:31:01,192 - DEBUG - http://hp-api.herokuapp.com:80 "GET /api/characters/house/gryffindor HTTP/1.1" 200 18867
 2022-09-27 20:31:01,288 - INFO - Status code: 200
 2022-09-27 20:31:01,289 - INFO - Saving in JSON file.
 2022-09-27 20:31:01,292 - INFO - Download done.
 2022-09-27 20:31:01,292 - INFO - Creating excel...
 2022-09-27 20:31:01,293 - INFO - Sheet name is: harry_potter_characters
 2022-09-27 20:31:01,297 - INFO - Insert data correctly
 2022-09-27 20:31:01,309 - INFO - Woorkbook saved!
 2022-09-27 20:31:01,309 - INFO - Excel create succesfully!
 2022-09-27 20:31:14,866 - INFO - Trying to connect...
 2022-09-27 20:31:14,891 - INFO - MySQL connection is close!
 2022-09-27 20:42:44,950 - INFO - Download data from URL
 2022-09-27 20:42:45,004 - DEBUG - Starting new HTTP connection (1): hp-api.herokuapp.com:80
 2022-09-27 20:42:45,215 - DEBUG - http://hp-api.herokuapp.com:80 "GET /api/characters/house/gryffindor HTTP/1.1" 200 18867
 2022-09-27 20:42:45,317 - INFO - Status code: 200
 2022-09-27 20:42:45,318 - INFO - Saving in JSON file.
 2022-09-27 20:42:45,321 - INFO - Download done.
 2022-09-27 20:42:45,321 - INFO - Creating excel...
 2022-09-27 20:42:45,323 - INFO - Sheet name is: harry_potter_characters
 2022-09-27 20:42:45,326 - INFO - Insert data correctly
 2022-09-27 20:42:45,339 - INFO - Woorkbook saved!
 2022-09-27 20:42:45,340 - INFO - Excel create succesfully!
 2022-09-27 20:42:55,725 - INFO - Trying to connect...
 2022-09-27 20:42:55,760 - INFO - MySQL connection is close!
 2022-09-27 20:43:22,561 - INFO - Download data from URL
 2022-09-27 20:43:22,648 - DEBUG - Starting new HTTP connection (1): hp-api.herokuapp.com:80
 2022-09-27 20:43:22,861 - DEBUG - http://hp-api.herokuapp.com:80 "GET /api/characters/house/gryffindor HTTP/1.1" 200 18867
 2022-09-27 20:43:22,963 - INFO - Status code: 200
 2022-09-27 20:43:22,964 - INFO - Saving in JSON file.
 2022-09-27 20:43:22,967 - INFO - Download done.
 2022-09-27 20:43:22,967 - INFO - Creating excel...
 2022-09-27 20:43:22,969 - INFO - Sheet name is: harry_potter_characters
 2022-09-27 20:43:22,972 - INFO - Insert data correctly
 2022-09-27 20:43:22,985 - INFO - Woorkbook saved!
 2022-09-27 20:43:22,986 - INFO - Excel create succesfully!
 2022-09-27 20:43:40,355 - INFO - Trying to connect...
 2022-09-27 20:43:40,381 - INFO - MySQL connection is close!
 2022-09-27 20:50:44,123 - INFO - Download data from URL
 2022-09-27 20:50:44,198 - DEBUG - Starting new HTTP connection (1): hp-api.herokuapp.com:80
 2022-09-27 20:50:44,413 - DEBUG - http://hp-api.herokuapp.com:80 "GET /api/characters/house/gryffindor HTTP/1.1" 200 18867
 2022-09-27 20:50:44,514 - INFO - Status code: 200
 2022-09-27 20:50:44,515 - INFO - Saving in JSON file.
 2022-09-27 20:50:44,518 - INFO - Download done.
 2022-09-27 20:50:44,518 - INFO - Creating excel...
 2022-09-27 20:50:44,520 - INFO - Sheet name is: harry_potter_characters
 2022-09-27 20:50:44,523 - INFO - Insert data correctly
 2022-09-27 20:50:44,536 - INFO - Woorkbook saved!
 2022-09-27 20:50:44,536 - INFO - Excel create succesfully!
 2022-09-27 20:50:57,086 - INFO - Trying to connect...
 2022-09-27 20:50:57,107 - INFO - MySQL connection is close!
 2022-09-27 20:51:57,063 - INFO - Download data from URL
 2022-09-27 20:51:57,112 - DEBUG - Starting new HTTP connection (1): hp-api.herokuapp.com:80
 2022-09-27 20:51:57,300 - DEBUG - http://hp-api.herokuapp.com:80 "GET /api/characters/house/gryffindor HTTP/1.1" 200 18867
 2022-09-27 20:51:57,392 - INFO - Status code: 200
 2022-09-27 20:51:57,393 - INFO - Saving in JSON file.
 2022-09-27 20:51:57,396 - INFO - Download done.
 2022-09-27 20:51:57,396 - INFO - Creating excel...
 2022-09-27 20:51:57,398 - INFO - Sheet name is: harry_potter_characters
 2022-09-27 20:51:57,401 - INFO - Insert data correctly
 2022-09-27 20:51:57,413 - INFO - Woorkbook saved!
 2022-09-27 20:51:57,413 - INFO - Excel create succesfully!
 2022-09-27 20:52:09,665 - INFO - Trying to connect...
 2022-09-27 20:52:09,685 - INFO - MySQL connection is close!
 2022-09-27 20:52:28,121 - INFO - Download data from URL
 2022-09-27 20:52:28,177 - DEBUG - Starting new HTTP connection (1): hp-api.herokuapp.com:80
 2022-09-27 20:52:28,394 - DEBUG - http://hp-api.herokuapp.com:80 "GET /api/characters/house/gryffindor HTTP/1.1" 200 18867
 2022-09-27 20:52:28,498 - INFO - Status code: 200
 2022-09-27 20:52:28,499 - INFO - Saving in JSON file.
 2022-09-27 20:52:28,502 - INFO - Download done.
 2022-09-27 20:52:28,502 - INFO - Creating excel...
 2022-09-27 20:52:28,503 - INFO - Sheet name is: harry_potter_characters
 2022-09-27 20:52:28,507 - INFO - Insert data correctly
 2022-09-27 20:52:28,519 - INFO - Woorkbook saved!
 2022-09-27 20:52:28,519 - INFO - Excel create succesfully!
 2022-09-27 20:52:41,448 - INFO - Trying to connect...
 2022-09-27 20:52:41,470 - INFO - Insert data correctly
 2022-09-27 20:52:41,472 - INFO - MySQL connection is close!
 2022-09-27 21:10:19,257 - INFO - Download data from URL
 2022-09-27 21:10:19,307 - DEBUG - Starting new HTTP connection (1): hp-api.herokuapp.com:80
 2022-09-27 21:10:19,534 - DEBUG - http://hp-api.herokuapp.com:80 "GET /api/characters/house/gryffindor HTTP/1.1" 200 18867
 2022-09-27 21:10:19,640 - INFO - Status code: 200
 2022-09-27 21:10:19,640 - INFO - Saving in JSON file.
 2022-09-27 21:10:19,643 - INFO - Download done.
 2022-09-27 21:10:19,643 - INFO - Creating excel...
 2022-09-27 21:10:19,645 - INFO - Sheet name is: harry_potter_characters
 2022-09-27 21:10:19,648 - INFO - Insert data correctly
 2022-09-27 21:10:19,661 - INFO - Woorkbook saved!
 2022-09-27 21:10:19,661 - INFO - Excel create succesfully!
 2022-09-27 21:10:31,917 - INFO - Trying to connect...
 2022-09-27 21:10:31,943 - INFO - Insert data correctly
 2022-09-27 21:10:31,943 - INFO - MySQL connection is close!
 2022-09-27 21:11:24,241 - INFO - Download data from URL
 2022-09-27 21:11:24,292 - DEBUG - Starting new HTTP connection (1): hp-api.herokuapp.com:80
 2022-09-27 21:11:24,503 - DEBUG - http://hp-api.herokuapp.com:80 "GET /api/characters/house/gryffindor HTTP/1.1" 200 18867
 2022-09-27 21:11:24,639 - INFO - Status code: 200
 2022-09-27 21:11:24,641 - INFO - Saving in JSON file.
 2022-09-27 21:11:24,643 - INFO - Download done.
 2022-09-27 21:11:24,644 - INFO - Creating excel...
 2022-09-27 21:11:24,645 - INFO - Sheet name is: harry_potter_characters
 2022-09-27 21:11:24,649 - INFO - Insert data correctly
 2022-09-27 21:11:24,662 - INFO - Woorkbook saved!
 2022-09-27 21:11:24,663 - INFO - Excel create succesfully!
 2022-09-27 21:11:34,423 - INFO - Trying to connect...
 2022-09-27 21:11:34,552 - INFO - Insert data correctly
 2022-09-27 21:11:34,554 - INFO - MySQL connection is close!
 2022-09-27 21:13:50,543 - INFO - Download data from URL
 2022-09-27 21:13:50,592 - DEBUG - Starting new HTTP connection (1): hp-api.herokuapp.com:80
 2022-09-27 21:13:50,809 - DEBUG - http://hp-api.herokuapp.com:80 "GET /api/characters/house/gryffindor HTTP/1.1" 200 18867
 2022-09-27 21:13:50,913 - INFO - Status code: 200
 2022-09-27 21:13:50,914 - INFO - Saving in JSON file.
 2022-09-27 21:13:50,917 - INFO - Download done.
 2022-09-27 21:13:50,917 - INFO - Creating excel...
 2022-09-27 21:13:50,918 - INFO - Sheet name is: harry_potter_characters
 2022-09-27 21:13:50,922 - INFO - Insert data correctly
 2022-09-27 21:13:50,934 - INFO - Woorkbook saved!
 2022-09-27 21:13:50,934 - INFO - Excel create succesfully!
 2022-09-27 21:14:11,743 - INFO - Trying to connect...
 2022-09-27 21:14:11,762 - ERROR - Error with the database Unread result found
 2022-09-27 21:24:05,866 - INFO - Download data from URL
 2022-09-27 21:24:05,918 - DEBUG - Starting new HTTP connection (1): hp-api.herokuapp.com:80
 2022-09-27 21:24:06,278 - DEBUG - http://hp-api.herokuapp.com:80 "GET /api/characters/house/gryffindor HTTP/1.1" 200 18867
 2022-09-27 21:24:06,410 - INFO - Status code: 200
 2022-09-27 21:24:06,411 - INFO - Saving in JSON file.
 2022-09-27 21:24:06,414 - INFO - Download done.
 2022-09-27 21:24:06,414 - INFO - Creating excel...
 2022-09-27 21:24:06,415 - INFO - Sheet name is: harry_potter_characters
 2022-09-27 21:24:06,419 - INFO - Insert data correctly
 2022-09-27 21:24:06,431 - INFO - Woorkbook saved!
 2022-09-27 21:24:06,431 - INFO - Excel create succesfully!
 2022-09-27 21:24:23,022 - INFO - Trying to connect...
 2022-09-27 21:24:23,036 - ERROR - Error with the database Unread result found
 2022-09-27 21:25:04,801 - INFO - Download data from URL
 2022-09-27 21:25:04,855 - DEBUG - Starting new HTTP connection (1): hp-api.herokuapp.com:80
 2022-09-27 21:25:05,077 - DEBUG - http://hp-api.herokuapp.com:80 "GET /api/characters/house/gryffindor HTTP/1.1" 200 18867
 2022-09-27 21:25:05,182 - INFO - Status code: 200
 2022-09-27 21:25:05,184 - INFO - Saving in JSON file.
 2022-09-27 21:25:05,193 - INFO - Download done.
 2022-09-27 21:25:05,193 - INFO - Creating excel...
 2022-09-27 21:25:05,195 - INFO - Sheet name is: harry_potter_characters
 2022-09-27 21:25:05,199 - INFO - Insert data correctly
 2022-09-27 21:25:05,211 - INFO - Woorkbook saved!
 2022-09-27 21:25:05,211 - INFO - Excel create succesfully!
 2022-09-27 21:25:17,392 - INFO - Trying to connect...
 2022-09-27 21:25:17,414 - ERROR - Error with the database Unread result found
 2022-09-27 21:25:35,353 - INFO - Download data from URL
 2022-09-27 21:25:35,407 - DEBUG - Starting new HTTP connection (1): hp-api.herokuapp.com:80
 2022-09-27 21:25:35,622 - DEBUG - http://hp-api.herokuapp.com:80 "GET /api/characters/house/gryffindor HTTP/1.1" 200 18867
 2022-09-27 21:25:35,726 - INFO - Status code: 200
 2022-09-27 21:25:35,727 - INFO - Saving in JSON file.
 2022-09-27 21:25:35,730 - INFO - Download done.
 2022-09-27 21:25:35,730 - INFO - Creating excel...
 2022-09-27 21:25:35,731 - INFO - Sheet name is: harry_potter_characters
 2022-09-27 21:25:35,735 - INFO - Insert data correctly
 2022-09-27 21:25:35,748 - INFO - Woorkbook saved!
 2022-09-27 21:25:35,748 - INFO - Excel create succesfully!
 2022-09-27 21:25:50,264 - INFO - Trying to connect...
 2022-09-27 21:25:50,281 - ERROR - Error with the database Unread result found
 2022-09-27 21:28:20,428 - INFO - Download data from URL
 2022-09-27 21:28:20,545 - DEBUG - Starting new HTTP connection (1): hp-api.herokuapp.com:80
 2022-09-27 21:28:20,765 - DEBUG - http://hp-api.herokuapp.com:80 "GET /api/characters/house/gryffindor HTTP/1.1" 200 18867
 2022-09-27 21:28:20,871 - INFO - Status code: 200
 2022-09-27 21:28:20,872 - INFO - Saving in JSON file.
 2022-09-27 21:28:20,875 - INFO - Download done.
 2022-09-27 21:28:20,875 - INFO - Creating excel...
 2022-09-27 21:28:20,877 - INFO - Sheet name is: harry_potter_characters
 2022-09-27 21:28:20,881 - INFO - Insert data correctly
 2022-09-27 21:28:20,892 - INFO - Woorkbook saved!
 2022-09-27 21:28:20,893 - INFO - Excel create succesfully!
 2022-09-27 21:28:34,012 - INFO - Trying to connect...
 2022-09-27 21:28:34,032 - INFO - Insert data correctly
 2022-09-27 21:28:34,032 - ERROR - Error with the database Unread result found
 2022-09-27 21:31:02,567 - INFO - Download data from URL
 2022-09-27 21:31:02,626 - DEBUG - Starting new HTTP connection (1): hp-api.herokuapp.com:80
 2022-09-27 21:31:02,842 - DEBUG - http://hp-api.herokuapp.com:80 "GET /api/characters/house/gryffindor HTTP/1.1" 200 18867
 2022-09-27 21:31:02,945 - INFO - Status code: 200
 2022-09-27 21:31:02,946 - INFO - Saving in JSON file.
 2022-09-27 21:31:02,949 - INFO - Download done.
 2022-09-27 21:31:02,949 - INFO - Creating excel...
 2022-09-27 21:31:02,951 - INFO - Sheet name is: harry_potter_characters
 2022-09-27 21:31:02,954 - INFO - Insert data correctly
 2022-09-27 21:31:02,967 - INFO - Woorkbook saved!
 2022-09-27 21:31:02,967 - INFO - Excel create succesfully!
 2022-09-27 21:31:17,304 - INFO - Trying to connect...
 2022-09-27 21:31:17,324 - ERROR - Error with the database Unread result found
 2022-09-28 08:24:19,732 - INFO - Download data from URL
 2022-09-28 08:24:19,779 - DEBUG - Starting new HTTP connection (1): hp-api.herokuapp.com:80
 2022-09-28 08:24:19,972 - DEBUG - http://hp-api.herokuapp.com:80 "GET /api/characters/house/gryffindor HTTP/1.1" 200 18867
 2022-09-28 08:24:20,084 - INFO - Status code: 200
 2022-09-28 08:24:20,085 - INFO - Saving in JSON file.
 2022-09-28 08:24:20,088 - INFO - Download done.
 2022-09-28 08:24:20,088 - INFO - Creating excel...
 2022-09-28 08:24:20,090 - INFO - Sheet name is: harry_potter_characters
 2022-09-28 08:24:20,093 - INFO - Insert data correctly
 2022-09-28 08:24:20,104 - INFO - Woorkbook saved!
 2022-09-28 08:24:20,104 - INFO - Excel create succesfully!
 2022-09-28 08:24:34,254 - INFO - Trying to connect...
 2022-09-28 08:24:34,384 - ERROR - Error with the database Unread result found
 2022-09-28 08:24:51,811 - INFO - Download data from URL
 2022-09-28 08:24:51,865 - DEBUG - Starting new HTTP connection (1): hp-api.herokuapp.com:80
 2022-09-28 08:24:52,080 - DEBUG - http://hp-api.herokuapp.com:80 "GET /api/characters/house/gryffindor HTTP/1.1" 200 18867
 2022-09-28 08:24:52,190 - INFO - Status code: 200
 2022-09-28 08:24:52,191 - INFO - Saving in JSON file.
 2022-09-28 08:24:52,193 - INFO - Download done.
 2022-09-28 08:24:52,194 - INFO - Creating excel...
 2022-09-28 08:24:52,195 - INFO - Sheet name is: harry_potter_characters
 2022-09-28 08:24:52,198 - INFO - Insert data correctly
 2022-09-28 08:24:52,208 - INFO - Woorkbook saved!
 2022-09-28 08:24:52,208 - INFO - Excel create succesfully!
 2022-09-28 08:25:07,087 - INFO - Trying to connect...
 2022-09-28 08:25:07,108 - ERROR - Error with the database Unread result found
 2022-09-28 12:00:59,033 - INFO - Download data from URL
 2022-09-28 12:00:59,093 - DEBUG - Starting new HTTP connection (1): hp-api.herokuapp.com:80
 2022-09-28 12:00:59,296 - DEBUG - http://hp-api.herokuapp.com:80 "GET /api/characters/house/gryffindor HTTP/1.1" 200 18867
 2022-09-28 12:00:59,394 - INFO - Status code: 200
 2022-09-28 12:00:59,395 - INFO - Saving in JSON file.
 2022-09-28 12:00:59,406 - INFO - Download done.
 2022-09-28 12:00:59,406 - INFO - Creating excel...
 2022-09-28 12:00:59,409 - INFO - Sheet name is: harry_potter_characters
 2022-09-28 12:00:59,413 - INFO - Insert data correctly
 2022-09-28 12:00:59,429 - INFO - Woorkbook saved!
 2022-09-28 12:00:59,429 - INFO - Excel create succesfully!
 2022-09-28 12:01:14,399 - INFO - Trying to connect...
 2022-09-28 12:01:14,447 - ERROR - Error with the database Unread result found
 2022-09-28 12:52:04,758 - INFO - Download data from URL
 2022-09-28 12:52:04,825 - DEBUG - Starting new HTTPS connection (1): hp-api.herokuapp.com:443
 2022-09-28 12:52:05,281 - DEBUG - https://hp-api.herokuapp.com:443 "GET /api/characters HTTP/1.1" 200 147455
 2022-09-28 12:52:05,583 - INFO - Status code: 200
 2022-09-28 12:52:05,662 - INFO - Saving in JSON file.
 2022-09-28 12:52:05,676 - INFO - Download done.
 2022-09-28 12:52:05,676 - INFO - Creating excel...
 2022-09-28 12:52:05,719 - INFO - Sheet name is: harry_potter_characters
 2022-09-28 12:52:05,742 - INFO - Insert data correctly
 2022-09-28 12:52:05,803 - INFO - Woorkbook saved!
 2022-09-28 12:52:05,804 - INFO - Excel create succesfully!
 2022-09-28 12:52:05,804 - INFO - Trying to connect...
 2022-09-28 12:52:05,820 - ERROR - Error with the database Unread result found
 2022-09-28 12:56:21,636 - INFO - Download data from URL
 2022-09-28 12:56:21,688 - DEBUG - Starting new HTTPS connection (1): hp-api.herokuapp.com:443
 2022-09-28 12:56:22,123 - DEBUG - https://hp-api.herokuapp.com:443 "GET /api/characters HTTP/1.1" 200 147455
 2022-09-28 12:56:22,417 - INFO - Status code: 200
 2022-09-28 12:56:22,570 - INFO - Saving in JSON file.
 2022-09-28 12:56:22,597 - INFO - Download done.
 2022-09-28 12:56:22,598 - INFO - Creating excel...
 2022-09-28 12:56:22,599 - INFO - Sheet name is: harry_potter_characters
 2022-09-28 12:56:22,625 - INFO - Insert data correctly
 2022-09-28 12:56:22,679 - INFO - Woorkbook saved!
 2022-09-28 12:56:22,679 - INFO - Excel create succesfully!
 2022-09-28 12:56:22,679 - INFO - Trying to connect...
 2022-09-28 12:56:46,149 - INFO - Download data from URL
 2022-09-28 12:56:46,253 - DEBUG - Starting new HTTPS connection (1): hp-api.herokuapp.com:443
 2022-09-28 12:56:46,690 - DEBUG - https://hp-api.herokuapp.com:443 "GET /api/characters HTTP/1.1" 200 147455
 2022-09-28 12:56:46,983 - INFO - Status code: 200
 2022-09-28 12:56:47,077 - INFO - Saving in JSON file.
 2022-09-28 12:56:47,092 - INFO - Download done.
 2022-09-28 12:56:47,093 - INFO - Creating excel...
 2022-09-28 12:56:47,094 - INFO - Sheet name is: harry_potter_characters
 2022-09-28 12:56:47,126 - INFO - Insert data correctly
 2022-09-28 12:56:47,179 - INFO - Woorkbook saved!
 2022-09-28 12:56:47,179 - INFO - Excel create succesfully!
 2022-09-28 12:56:47,179 - INFO - Trying to connect...
 2022-09-28 12:56:47,227 - INFO - MySQL connection is close!
